<?xml version="1.0" encoding="UTF-8"?>
<!-- Generated by org.testng.reporters.JUnitReportReporter -->
<testsuite skipped="0" hostname="Reaz" name="com.inetbanking.testCases.TC_LoginTest_001" tests="1" failures="0" timestamp="2020-02-08T01:18:51 EST" time="0.782" errors="0">
  <testcase name="loginTest" time="0.782" classname="com.inetbanking.testCases.TC_LoginTest_001"/>
</testsuite> <!-- com.inetbanking.testCases.TC_LoginTest_001 -->
